Flutter crash report.
Please report a bug at https://github.com/flutter/flutter/issues.

## command

flutter run

## exception

PathNotFoundException: PathNotFoundException: Cannot open file, path = 'C:\flutter\bin\cache\artifacts\material_fonts\MaterialIcons-Regular.otf' (OS Error: The system cannot find the file specified.
, errno = 2)

```
#0      _File.throwIfError (dart:io/file_impl.dart:675:7)
#1      _File.openSync (dart:io/file_impl.dart:490:5)
#2      ForwardingFile.openSync (package:file/src/forwarding/forwarding_file.dart:74:16)
#3      ErrorHandlingFile.copySync.<anonymous closure> (package:flutter_tools/src/base/error_handling_io.dart:324:22)
#4      _runSync (package:flutter_tools/src/base/error_handling_io.dart:600:14)
#5      ErrorHandlingFile.copySync (package:flutter_tools/src/base/error_handling_io.dart:323:5)
#6      writeBundle.<anonymous closure> (package:flutter_tools/src/bundle_builder.dart:234:19)
<asynchronous suspension>
#7      Future.wait.<anonymous closure> (dart:async/future.dart:520:21)
<asynchronous suspension>
#8      writeBundle (package:flutter_tools/src/bundle_builder.dart:187:3)
<asynchronous suspension>
#9      WebDevFS.update (package:flutter_tools/src/isolated/devfs_web.dart:1005:9)
<asynchronous suspension>
#10     ResidentWebRunner._updateDevFS (package:flutter_tools/src/isolated/resident_web_runner.dart:580:35)
<asynchronous suspension>
#11     ResidentWebRunner.run.<anonymous closure> (package:flutter_tools/src/isolated/resident_web_runner.dart:331:41)
<asynchronous suspension>
#12     asyncGuard.<anonymous closure> (package:flutter_tools/src/base/async_guard.dart:111:24)
<asynchronous suspension>
```

## flutter doctor

```
[32m[âœ“][39m Flutter (Channel stable, 3.27.1, on Microsoft Windows [Version 10.0.19045.5487], locale en-US)
    [32mâ€¢[39m Flutter version 3.27.1 on channel stable at C:\flutter
    [32mâ€¢[39m Upstream repository https://github.com/flutter/flutter.git
    [32mâ€¢[39m Framework revision 17025dd882 (9 weeks ago), 2024-12-17 03:23:09 +0900
    [32mâ€¢[39m Engine revision cb4b5fff73
    [32mâ€¢[39m Dart version 3.6.0
    [32mâ€¢[39m DevTools version 2.40.2

[32m[âœ“][39m Windows Version (Installed version of Windows is version 10 or higher)

[32m[âœ“][39m Android toolchain - develop for Android devices (Android SDK version 35.0.1)
    [32mâ€¢[39m Android SDK at C:\Android\Sdk
    [32mâ€¢[39m Platform android-34, build-tools 35.0.1
    [32mâ€¢[39m ANDROID_HOME = C:\Android\Sdk
    [32mâ€¢[39m ANDROID_SDK_ROOT = C:\Android\Sdk
    [32mâ€¢[39m Java binary at: C:\Program Files\Java\jdk-23\bin\java
    [32mâ€¢[39m Java version Java(TM) SE Runtime Environment (build 23.0.2+7-58)
    [32mâ€¢[39m All Android licenses accepted.

[31m[âœ—][39m Chrome - develop for the web (Cannot find Chrome executable at .\Google\Chrome\Application\chrome.exe)
    [33m![39m Cannot find Chrome. Try setting CHROME_EXECUTABLE to a Chrome executable.

[31m[âœ—][39m Visual Studio - develop Windows apps
    [31mâœ—[39m Visual Studio not installed; this is necessary to develop Windows apps.
      Download at https://visualstudio.microsoft.com/downloads/.
      Please install the "Desktop development with C++" workload, including all of its default components

[33m[!][39m Android Studio (not installed)
    [32mâ€¢[39m Android Studio not found; download from https://developer.android.com/studio/index.html
      (or visit https://flutter.dev/to/windows-android-setup for detailed instructions).

[32m[âœ“][39m VS Code (version 1.96.2)
    [32mâ€¢[39m VS Code at C:\Users\Administrator\AppData\Local\Programs\Microsoft VS Code
    [32mâ€¢[39m Flutter extension version 3.104.0

[32m[âœ“][39m Connected device (2 available)
    [32mâ€¢[39m Windows (desktop) â€¢ windows â€¢ windows-x64    â€¢ Microsoft Windows [Version 10.0.19045.5487]
    [32mâ€¢[39m Edge (web)        â€¢ edge    â€¢ web-javascript â€¢ Microsoft Edge 133.0.3065.69

[32m[âœ“][39m Network resources
    [32mâ€¢[39m All expected network resources are available.

[33m![39m Doctor found issues in 3 categories.
```
